This is XeTeX, Version 3.141592653-2.6-0.999996 (TeX Live 2024) (preloaded format=xelatex 2024.10.20)  13 MAR 2025 19:27
entering extended mode
 restricted \write18 enabled.
 %&-line parsing enabled.
**yanputhesis-sample.tex
(./yanputhesis-sample.tex
LaTeX2e <2023-11-01> patch level 1
L3 programming layer <2024-02-20>
(./yanputhesis.cls
Document Class: yanputhesis 2023/03/07 v1.8.5 Yet Another NPU Thesis Template
(d:/software/texlive/2024/texmf-dist/tex/latex/xkeyval/xkeyval.sty
Package: xkeyval 2022/06/16 v2.9 package option processing (HA)

(d:/software/texlive/2024/texmf-dist/tex/generic/xkeyval/xkeyval.tex
(d:/software/texlive/2024/texmf-dist/tex/generic/xkeyval/xkvutils.tex
\XKV@toks=\toks17
\XKV@tempa@toks=\toks18

(d:/software/texlive/2024/texmf-dist/tex/generic/xkeyval/keyval.tex))
\XKV@depth=\count184
File: xkeyval.tex 2014/12/03 v2.7a key=value parser (HA)
))
(d:/software/texlive/2024/texmf-dist/tex/latex/base/book.cls
Document Class: book 2023/05/17 v1.4n Standard LaTeX document class
(d:/software/texlive/2024/texmf-dist/tex/latex/base/bk11.clo
File: bk11.clo 2023/05/17 v1.4n Standard LaTeX file (size option)
)
\c@part=\count185
\c@chapter=\count186
\c@section=\count187
\c@subsection=\count188
\c@subsubsection=\count189
\c@paragraph=\count190
\c@subparagraph=\count191
\c@figure=\count192
\c@table=\count193
\abovecaptionskip=\skip48
\belowcaptionskip=\skip49
\bibindent=\dimen140
)
(d:/software/texlive/2024/texmf-dist/tex/latex/etoolbox/etoolbox.sty
Package: etoolbox 2020/10/05 v2.5k e-TeX tools for LaTeX (JAW)
\etb@tempcnta=\count194
)
(d:/software/texlive/2024/texmf-dist/tex/latex/amsfonts/amssymb.sty
Package: amssymb 2013/01/14 v3.01 AMS font symbols

(d:/software/texlive/2024/texmf-dist/tex/latex/amsfonts/amsfonts.sty
Package: amsfonts 2013/01/14 v3.01 Basic AMSFonts support
\@emptytoks=\toks19
\symAMSa=\mathgroup4
\symAMSb=\mathgroup5
LaTeX Font Info:    Redeclaring math symbol \hbar on input line 98.
LaTeX Font Info:    Overwriting math alphabet `\mathfrak' in version `bold'
(Font)                  U/euf/m/n --> U/euf/b/n on input line 106.
))
(d:/software/texlive/2024/texmf-dist/tex/latex/geometry/geometry.sty
Package: geometry 2020/01/02 v5.9 Page Geometry

(d:/software/texlive/2024/texmf-dist/tex/generic/iftex/ifvtex.sty
Package: ifvtex 2019/10/25 v1.7 ifvtex legacy package. Use iftex instead.

(d:/software/texlive/2024/texmf-dist/tex/generic/iftex/iftex.sty
Package: iftex 2022/02/03 v1.0f TeX engine tests
))
\Gm@cnth=\count195
\Gm@cntv=\count196
\c@Gm@tempcnt=\count197
\Gm@bindingoffset=\dimen141
\Gm@wd@mp=\dimen142
\Gm@odd@mp=\dimen143
\Gm@even@mp=\dimen144
\Gm@layoutwidth=\dimen145
\Gm@layoutheight=\dimen146
\Gm@layouthoffset=\dimen147
\Gm@layoutvoffset=\dimen148
\Gm@dimlist=\toks20
)
(d:/software/texlive/2024/texmf-dist/tex/latex/hyperref/hyperref.sty
Package: hyperref 2024-01-20 v7.01h Hypertext links for LaTeX

(d:/software/texlive/2024/texmf-dist/tex/latex/kvsetkeys/kvsetkeys.sty
Package: kvsetkeys 2022-10-05 v1.19 Key value parser (HO)
)
(d:/software/texlive/2024/texmf-dist/tex/generic/kvdefinekeys/kvdefinekeys.sty
Package: kvdefinekeys 2019-12-19 v1.6 Define keys (HO)
) (d:/software/texlive/2024/texmf-dist/tex/generic/pdfescape/pdfescape.sty
Package: pdfescape 2019/12/09 v1.15 Implements pdfTeX's escape features (HO)

(d:/software/texlive/2024/texmf-dist/tex/generic/ltxcmds/ltxcmds.sty
Package: ltxcmds 2023-12-04 v1.26 LaTeX kernel commands for general use (HO)
)
(d:/software/texlive/2024/texmf-dist/tex/generic/pdftexcmds/pdftexcmds.sty
Package: pdftexcmds 2020-06-27 v0.33 Utility functions of pdfTeX for LuaTeX (HO
)

(d:/software/texlive/2024/texmf-dist/tex/generic/infwarerr/infwarerr.sty
Package: infwarerr 2019/12/03 v1.5 Providing info/warning/error messages (HO)
)
Package pdftexcmds Info: \pdf@primitive is available.
Package pdftexcmds Info: \pdf@ifprimitive is available.
Package pdftexcmds Info: \pdfdraftmode not found.
))
(d:/software/texlive/2024/texmf-dist/tex/latex/hycolor/hycolor.sty
Package: hycolor 2020-01-27 v1.10 Color options for hyperref/bookmark (HO)
)
(d:/software/texlive/2024/texmf-dist/tex/latex/auxhook/auxhook.sty
Package: auxhook 2019-12-17 v1.6 Hooks for auxiliary files (HO)
)
(d:/software/texlive/2024/texmf-dist/tex/latex/hyperref/nameref.sty
Package: nameref 2023-11-26 v2.56 Cross-referencing by name of section

(d:/software/texlive/2024/texmf-dist/tex/latex/refcount/refcount.sty
Package: refcount 2019/12/15 v3.6 Data extraction from label references (HO)
)
(d:/software/texlive/2024/texmf-dist/tex/generic/gettitlestring/gettitlestring.
sty
Package: gettitlestring 2019/12/15 v1.6 Cleanup title references (HO)
 (d:/software/texlive/2024/texmf-dist/tex/latex/kvoptions/kvoptions.sty
Package: kvoptions 2022-06-15 v3.15 Key value format for package options (HO)
))
\c@section@level=\count198
)
\@linkdim=\dimen149
\Hy@linkcounter=\count199
\Hy@pagecounter=\count266

(d:/software/texlive/2024/texmf-dist/tex/latex/hyperref/pd1enc.def
File: pd1enc.def 2024-01-20 v7.01h Hyperref: PDFDocEncoding definition (HO)
)
(d:/software/texlive/2024/texmf-dist/tex/generic/intcalc/intcalc.sty
Package: intcalc 2019/12/15 v1.3 Expandable calculations with integers (HO)
)
\Hy@SavedSpaceFactor=\count267

(d:/software/texlive/2024/texmf-dist/tex/latex/hyperref/puenc.def
File: puenc.def 2024-01-20 v7.01h Hyperref: PDF Unicode definition (HO)
)
Package hyperref Info: Option `unicode' set `true' on input line 4062.
Package hyperref Info: Option `colorlinks' set `false' on input line 4062.
Package hyperref Info: Hyper figures OFF on input line 4179.
Package hyperref Info: Link nesting OFF on input line 4184.
Package hyperref Info: Hyper index ON on input line 4187.
Package hyperref Info: Plain pages OFF on input line 4194.
Package hyperref Info: Backreferencing OFF on input line 4199.
Package hyperref Info: Implicit mode ON; LaTeX internals redefined.
Package hyperref Info: Bookmarks ON on input line 4446.
\c@Hy@tempcnt=\count268

(d:/software/texlive/2024/texmf-dist/tex/latex/url/url.sty
\Urlmuskip=\muskip16
Package: url 2013/09/16  ver 3.4  Verb mode for urls, etc.
)
LaTeX Info: Redefining \url on input line 4784.
\XeTeXLinkMargin=\dimen150

(d:/software/texlive/2024/texmf-dist/tex/generic/bitset/bitset.sty
Package: bitset 2019/12/09 v1.3 Handle bit-vector datatype (HO)

(d:/software/texlive/2024/texmf-dist/tex/generic/bigintcalc/bigintcalc.sty
Package: bigintcalc 2019/12/15 v1.5 Expandable calculations on big integers (HO
)
))
\Fld@menulength=\count269
\Field@Width=\dimen151
\Fld@charsize=\dimen152
Package hyperref Info: Hyper figures OFF on input line 6063.
Package hyperref Info: Link nesting OFF on input line 6068.
Package hyperref Info: Hyper index ON on input line 6071.
Package hyperref Info: backreferencing OFF on input line 6078.
Package hyperref Info: Link coloring OFF on input line 6083.
Package hyperref Info: Link coloring with OCG OFF on input line 6088.
Package hyperref Info: PDF/A mode OFF on input line 6093.

(d:/software/texlive/2024/texmf-dist/tex/latex/base/atbegshi-ltx.sty
Package: atbegshi-ltx 2021/01/10 v1.0c Emulation of the original atbegshi
package with kernel methods
)
\Hy@abspage=\count270
\c@Item=\count271
\c@Hfootnote=\count272
)
Package hyperref Info: Driver (autodetected): hxetex.

(d:/software/texlive/2024/texmf-dist/tex/latex/hyperref/hxetex.def
File: hxetex.def 2024-01-20 v7.01h Hyperref driver for XeTeX

(d:/software/texlive/2024/texmf-dist/tex/generic/stringenc/stringenc.sty
Package: stringenc 2019/11/29 v1.12 Convert strings between diff. encodings (HO
)
)
\pdfm@box=\box51
\c@Hy@AnnotLevel=\count273
\HyField@AnnotCount=\count274
\Fld@listcount=\count275
\c@bookmark@seq@number=\count276

(d:/software/texlive/2024/texmf-dist/tex/latex/rerunfilecheck/rerunfilecheck.st
y
Package: rerunfilecheck 2022-07-10 v1.10 Rerun checks for auxiliary files (HO)
 (d:/software/texlive/2024/texmf-dist/tex/latex/base/atveryend-ltx.sty
Package: atveryend-ltx 2020/08/19 v1.0a Emulation of the original atveryend pac
kage
with kernel methods
)
(d:/software/texlive/2024/texmf-dist/tex/generic/uniquecounter/uniquecounter.st
y
Package: uniquecounter 2019/12/15 v1.4 Provide unlimited unique counter (HO)
)
Package uniquecounter Info: New unique counter `rerunfilecheck' on input line 2
85.
)
\Hy@SectionHShift=\skip50
)

Package hyperref Warning: Option `bookmarks' has already been used,
(hyperref)                setting the option has no effect on input line 85.

Package hyperref Info: Option `pdftoolbar' set `true' on input line 85.
Package hyperref Info: Option `pdfmenubar' set `true' on input line 85.
Package hyperref Info: Option `pdffitwindow' set `true' on input line 85.
Package hyperref Info: Option `pdfnewwindow' set `true' on input line 85.
(d:/software/texlive/2024/texmf-dist/tex/latex/bookmark/bookmark.sty
Package: bookmark 2023-12-10 v1.31 PDF bookmarks (HO)

(d:/software/texlive/2024/texmf-dist/tex/latex/bookmark/bkm-dvipdfm.def
File: bkm-dvipdfm.def 2023-12-10 v1.31 bookmark driver for dvipdfm (HO)
\BKM@id=\count277
))
(d:/software/texlive/2024/texmf-dist/tex/latex/type1cm/type1cm.sty
Package: type1cm 2002/09/05 v0.04 BlueSky/Y&Y Type1 CM font definitions (DPC, p
atched RF)
)
(d:/software/texlive/2024/texmf-dist/tex/latex/ifplatform/ifplatform.sty
Package: ifplatform 2017/10/13 v0.4a Testing for the operating system

(d:/software/texlive/2024/texmf-dist/tex/latex/tools/shellesc.sty
Package: shellesc 2023/07/08 v1.0d unified shell escape interface for LaTeX
Package shellesc Info: Restricted shell escape enabled on input line 77.
)
(d:/software/texlive/2024/texmf-dist/tex/generic/catchfile/catchfile.sty
Package: catchfile 2019/12/09 v1.8 Catch the contents of a file (HO)

(d:/software/texlive/2024/texmf-dist/tex/generic/etexcmds/etexcmds.sty
Package: etexcmds 2019/12/15 v1.7 Avoid name clashes with e-TeX commands (HO)
))
(d:/software/texlive/2024/texmf-dist/tex/generic/iftex/ifluatex.sty
Package: ifluatex 2019/10/25 v1.5 ifluatex legacy package. Use iftex instead.
)

Package ifplatform Warning: 
    shell escape is disabled, so I can only detect \ifwindows.

) (d:/software/texlive/2024/texmf-dist/tex/latex/fontspec/fontspec.sty
(d:/software/texlive/2024/texmf-dist/tex/latex/l3packages/xparse/xparse.sty
(d:/software/texlive/2024/texmf-dist/tex/latex/l3kernel/expl3.sty
Package: expl3 2024-02-20 L3 programming layer (loader) 

(d:/software/texlive/2024/texmf-dist/tex/latex/l3backend/l3backend-xetex.def
File: l3backend-xetex.def 2024-02-20 L3 backend support: XeTeX
\g__graphics_track_int=\count278
\l__pdf_internal_box=\box52
\g__pdf_backend_object_int=\count279
\g__pdf_backend_annotation_int=\count280
\g__pdf_backend_link_int=\count281
))
Package: xparse 2024-02-18 L3 Experimental document command parser
)
Package: fontspec 2024/02/13 v2.9a Font selection for XeLaTeX and LuaLaTeX
(d:/software/texlive/2024/texmf-dist/tex/latex/fontspec/fontspec-xetex.sty
Package: fontspec-xetex 2024/02/13 v2.9a Font selection for XeLaTeX and LuaLaTe
X
\l__fontspec_script_int=\count282
\l__fontspec_language_int=\count283
\l__fontspec_strnum_int=\count284
\l__fontspec_tmp_int=\count285
\l__fontspec_tmpa_int=\count286
\l__fontspec_tmpb_int=\count287
\l__fontspec_tmpc_int=\count288
\l__fontspec_em_int=\count289
\l__fontspec_emdef_int=\count290
\l__fontspec_strong_int=\count291
\l__fontspec_strongdef_int=\count292
\l__fontspec_tmpa_dim=\dimen153
\l__fontspec_tmpb_dim=\dimen154
\l__fontspec_tmpc_dim=\dimen155

(d:/software/texlive/2024/texmf-dist/tex/latex/base/fontenc.sty
Package: fontenc 2021/04/29 v2.0v Standard LaTeX package
)
(d:/software/texlive/2024/texmf-dist/tex/latex/fontspec/fontspec.cfg)))
(d:/software/texlive/2024/texmf-dist/tex/xelatex/xecjk/xeCJK.sty
Package: xeCJK 2022/08/05 v3.9.1 Typesetting CJK scripts with XeLaTeX

(d:/software/texlive/2024/texmf-dist/tex/latex/ctex/ctexhook.sty
Package: ctexhook 2022/07/14 v2.5.10 Document and package hooks (CTEX)
)
(d:/software/texlive/2024/texmf-dist/tex/latex/l3packages/xtemplate/xtemplate.s
ty
(d:/software/texlive/2024/texmf-dist/tex/latex/l3packages/xtemplate/xtemplate-2
023-10-10.sty
Package: xtemplate 2023-10-10 L3 Experimental prototype document functions
\l__xtemplate_tmp_dim=\dimen156
\l__xtemplate_tmp_int=\count293
\l__xtemplate_tmp_muskip=\muskip17
\l__xtemplate_tmp_skip=\skip51
))
\l__xeCJK_tmp_int=\count294
\l__xeCJK_tmp_box=\box53
\l__xeCJK_tmp_dim=\dimen157
\l__xeCJK_tmp_skip=\skip52
\g__xeCJK_space_factor_int=\count295
\l__xeCJK_begin_int=\count296
\l__xeCJK_end_int=\count297
\c__xeCJK_CJK_class_int=\XeTeXcharclass1
\c__xeCJK_FullLeft_class_int=\XeTeXcharclass2
\c__xeCJK_FullRight_class_int=\XeTeXcharclass3
\c__xeCJK_HalfLeft_class_int=\XeTeXcharclass4
\c__xeCJK_HalfRight_class_int=\XeTeXcharclass5
\c__xeCJK_NormalSpace_class_int=\XeTeXcharclass6
\c__xeCJK_CM_class_int=\XeTeXcharclass7
\c__xeCJK_HangulJamo_class_int=\XeTeXcharclass8
\l__xeCJK_last_skip=\skip53
\c__xeCJK_none_node=\count298
\g__xeCJK_node_int=\count299
\c__xeCJK_CJK_node_dim=\dimen158
\c__xeCJK_CJK-space_node_dim=\dimen159
\c__xeCJK_default_node_dim=\dimen160
\c__xeCJK_CJK-widow_node_dim=\dimen161
\c__xeCJK_normalspace_node_dim=\dimen162
\c__xeCJK_default-space_node_skip=\skip54
\l__xeCJK_ccglue_skip=\skip55
\l__xeCJK_ecglue_skip=\skip56
\l__xeCJK_punct_kern_skip=\skip57
\l__xeCJK_indent_box=\box54
\l__xeCJK_last_penalty_int=\count300
\l__xeCJK_last_bound_dim=\dimen163
\l__xeCJK_last_kern_dim=\dimen164
\l__xeCJK_widow_penalty_int=\count301

Package xtemplate Info: Declaring object type 'xeCJK/punctuation' taking 0
(xtemplate)             argument(s) on line 2396.

\l__xeCJK_fixed_punct_width_dim=\dimen165
\l__xeCJK_mixed_punct_width_dim=\dimen166
\l__xeCJK_middle_punct_width_dim=\dimen167
\l__xeCJK_fixed_margin_width_dim=\dimen168
\l__xeCJK_mixed_margin_width_dim=\dimen169
\l__xeCJK_middle_margin_width_dim=\dimen170
\l__xeCJK_bound_punct_width_dim=\dimen171
\l__xeCJK_bound_margin_width_dim=\dimen172
\l__xeCJK_margin_minimum_dim=\dimen173
\l__xeCJK_kerning_total_width_dim=\dimen174
\l__xeCJK_same_align_margin_dim=\dimen175
\l__xeCJK_different_align_margin_dim=\dimen176
\l__xeCJK_kerning_margin_width_dim=\dimen177
\l__xeCJK_kerning_margin_minimum_dim=\dimen178
\l__xeCJK_bound_dim=\dimen179
\l__xeCJK_reverse_bound_dim=\dimen180
\l__xeCJK_margin_dim=\dimen181
\l__xeCJK_minimum_bound_dim=\dimen182
\l__xeCJK_kerning_margin_dim=\dimen183
\g__xeCJK_family_int=\count302
\l__xeCJK_fam_int=\count303
\g__xeCJK_fam_allocation_int=\count304
\l__xeCJK_verb_case_int=\count305
\l__xeCJK_verb_exspace_skip=\skip58

(d:/software/texlive/2024/texmf-dist/tex/xelatex/xecjk/xeCJK.cfg
File: xeCJK.cfg 2022/08/05 v3.9.1 Configuration file for xeCJK package
))

Package fontspec Info: Could not resolve font "KaiTi/B" (it probably doesn't
(fontspec)             exist).


Package fontspec Info: Could not resolve font "SimSun/I" (it probably doesn't
(fontspec)             exist).


Package fontspec Info: Could not resolve font "SimSun/BI" (it probably doesn't
(fontspec)             exist).


Package fontspec Info: Font family 'SimSun(0)' created for font 'SimSun' with
(fontspec)             options
(fontspec)             [Mapping=tex-text,Script={CJK},AutoFakeBold={4},ItalicFo
nt={KaiTi}].
(fontspec)              
(fontspec)              This font family consists of the following NFSS
(fontspec)             series/shapes:
(fontspec)              
(fontspec)             - 'normal' (m/n) with NFSS spec.:
(fontspec)             <->"SimSun/OT:script=hani;language=dflt;mapping=tex-text
;"
(fontspec)             - 'small caps'  (m/sc) with NFSS spec.: 
(fontspec)             - 'bold' (b/n) with NFSS spec.:
(fontspec)             <->"SimSun/OT:script=hani;language=dflt;embolden=4;mappi
ng=tex-text;"
(fontspec)             - 'bold small caps'  (b/sc) with NFSS spec.: 
(fontspec)             - 'italic' (m/it) with NFSS spec.:
(fontspec)             <->"KaiTi/OT:script=hani;language=dflt;mapping=tex-text;
"
(fontspec)             - 'italic small caps'  (m/scit) with NFSS spec.: 


Package fontspec Info: Could not resolve font "SimHei/BI" (it probably doesn't
(fontspec)             exist).


Package fontspec Info: Could not resolve font "SimHei/B" (it probably doesn't
(fontspec)             exist).


Package fontspec Info: Could not resolve font "SimHei/I" (it probably doesn't
(fontspec)             exist).


Package fontspec Info: Font family 'SimHei(0)' created for font 'SimHei' with
(fontspec)             options [Mapping=tex-text,Ligatures=TeX].
(fontspec)              
(fontspec)              This font family consists of the following NFSS
(fontspec)             series/shapes:
(fontspec)              
(fontspec)             - 'normal' (m/n) with NFSS spec.:
(fontspec)             <->"SimHei/OT:script=latn;language=dflt;mapping=tex-text
;"
(fontspec)             - 'small caps'  (m/sc) with NFSS spec.: 


Package fontspec Info: Font family 'Consolas(0)' created for font 'Consolas'
(fontspec)             with options
(fontspec)             [Mapping=tex-text,WordSpace={1,0,0},HyphenChar=None,Punc
tuationSpace=WordSpace].
(fontspec)              
(fontspec)              This font family consists of the following NFSS
(fontspec)             series/shapes:
(fontspec)              
(fontspec)             - 'normal' (m/n) with NFSS spec.:
(fontspec)             <->"Consolas/OT:script=latn;language=dflt;mapping=tex-te
xt;"
(fontspec)             - 'small caps'  (m/sc) with NFSS spec.: 
(fontspec)             and font adjustment code:
(fontspec)             \fontdimen 2\font =1\fontdimen 2\font \fontdimen 3\font
(fontspec)             =0\fontdimen 3\font \fontdimen 4\font =0\fontdimen
(fontspec)             4\font \fontdimen 7\font =0\fontdimen 2\font
(fontspec)             \tex_hyphenchar:D \font =-1\scan_stop: 
(fontspec)             - 'bold' (b/n) with NFSS spec.:
(fontspec)             <->"Consolas/B/OT:script=latn;language=dflt;mapping=tex-
text;"
(fontspec)             - 'bold small caps'  (b/sc) with NFSS spec.: 
(fontspec)             and font adjustment code:
(fontspec)             \fontdimen 2\font =1\fontdimen 2\font \fontdimen 3\font
(fontspec)             =0\fontdimen 3\font \fontdimen 4\font =0\fontdimen
(fontspec)             4\font \fontdimen 7\font =0\fontdimen 2\font
(fontspec)             \tex_hyphenchar:D \font =-1\scan_stop: 
(fontspec)             - 'italic' (m/it) with NFSS spec.:
(fontspec)             <->"Consolas/I/OT:script=latn;language=dflt;mapping=tex-
text;"
(fontspec)             - 'italic small caps'  (m/scit) with NFSS spec.: 
(fontspec)             and font adjustment code:
(fontspec)             \fontdimen 2\font =1\fontdimen 2\font \fontdimen 3\font
(fontspec)             =0\fontdimen 3\font \fontdimen 4\font =0\fontdimen
(fontspec)             4\font \fontdimen 7\font =0\fontdimen 2\font
(fontspec)             \tex_hyphenchar:D \font =-1\scan_stop: 
(fontspec)             - 'bold italic' (b/it) with NFSS spec.:
(fontspec)             <->"Consolas/BI/OT:script=latn;language=dflt;mapping=tex
-text;"
(fontspec)             - 'bold italic small caps'  (b/scit) with NFSS spec.: 
(fontspec)             and font adjustment code:
(fontspec)             \fontdimen 2\font =1\fontdimen 2\font \fontdimen 3\font
(fontspec)             =0\fontdimen 3\font \fontdimen 4\font =0\fontdimen
(fontspec)             4\font \fontdimen 7\font =0\fontdimen 2\font
(fontspec)             \tex_hyphenchar:D \font =-1\scan_stop: 


Package fontspec Info: Font family 'TimesNewRoman(0)' created for font 'Times
(fontspec)             New Roman' with options
(fontspec)             [Mapping=tex-text,Ligatures=TeX].
(fontspec)              
(fontspec)              This font family consists of the following NFSS
(fontspec)             series/shapes:
(fontspec)              
(fontspec)             - 'normal' (m/n) with NFSS spec.: <->"Times New
(fontspec)             Roman/OT:script=latn;language=dflt;mapping=tex-text;"
(fontspec)             - 'small caps'  (m/sc) with NFSS spec.: <->"Times New
(fontspec)             Roman/OT:script=latn;language=dflt;+smcp;mapping=tex-tex
t;"
(fontspec)             - 'bold' (b/n) with NFSS spec.: <->"Times New
(fontspec)             Roman/B/OT:script=latn;language=dflt;mapping=tex-text;"
(fontspec)             - 'bold small caps'  (b/sc) with NFSS spec.: <->"Times
(fontspec)             New
(fontspec)             Roman/B/OT:script=latn;language=dflt;+smcp;mapping=tex-t
ext;"
(fontspec)             - 'italic' (m/it) with NFSS spec.: <->"Times New
(fontspec)             Roman/I/OT:script=latn;language=dflt;mapping=tex-text;"
(fontspec)             - 'italic small caps'  (m/scit) with NFSS spec.:
(fontspec)             <->"Times New
(fontspec)             Roman/I/OT:script=latn;language=dflt;+smcp;mapping=tex-t
ext;"
(fontspec)             - 'bold italic' (b/it) with NFSS spec.: <->"Times New
(fontspec)             Roman/BI/OT:script=latn;language=dflt;mapping=tex-text;"

(fontspec)             - 'bold italic small caps'  (b/scit) with NFSS spec.:
(fontspec)             <->"Times New
(fontspec)             Roman/BI/OT:script=latn;language=dflt;+smcp;mapping=tex-
text;"


(d:/software/texlive/2024/texmf-dist/tex/latex/tools/indentfirst.sty
Package: indentfirst 2023/07/02 v1.03 Indent first paragraph (DPC)
)
(d:/software/texlive/2024/texmf-dist/tex/generic/ulem/ulem.sty
\UL@box=\box55
\UL@hyphenbox=\box56
\UL@skip=\skip59
\UL@hook=\toks21
\UL@height=\dimen184
\UL@pe=\count306
\UL@pixel=\dimen185
\ULC@box=\box57
Package: ulem 2019/11/18
\ULdepth=\dimen186
)
(d:/software/texlive/2024/texmf-dist/tex/latex/layouts/layouts.sty
Package: layouts 2009/09/02 v2.6d graphical depiction of document elements
\l@ylen=\skip60
\layoutsbox=\box58
\l@youtunitlength=\skip61
\l@youtlinethick=\skip62
\l@youtlinethickii=\skip63
\l@ysetupparskip=\skip64
\l@ysetupbaselineskip=\skip65
\l@yonem=\skip66
\l@yonex=\skip67
\l@ylmarg=\skip68
\l@yrmarg=\skip69
\l@yitmindent=\skip70
\l@ylblwidth=\skip71
\l@ylblsep=\skip72
\l@ylparindent=\skip73
\l@ytsep=\skip74
\l@ypskip=\skip75
\l@yptsep=\skip76
\l@ypsep=\skip77
\l@yitmsep=\skip78
\l@ytok=\toks22
\l@youtpw=\count307
\l@youtph=\count308
\l@youthpi=\count309
\l@youthpii=\count310
\l@youthpiii=\count311
\l@youthpiv=\count312
\l@youthpv=\count313
\l@youthpvi=\count314
\l@youthpvii=\count315
\l@youtparskip=\count316
\l@youtvpi=\count317
\l@youtvpii=\count318
\l@youtvpiii=\count319
\l@youtvpiv=\count320
\l@youtvpv=\count321
\l@youtvpvi=\count322
\l@youtvpvii=\count323
\l@youthdo=\count324
\l@youthdi=\count325
\l@youthdii=\count326
\l@youthdiii=\count327
\l@youthdiv=\count328
\l@youthdv=\count329
\l@youthdvi=\count330
\l@youthdvii=\count331
\l@youtvdo=\count332
\l@youtvdi=\count333
\l@youtvdii=\count334
\l@youtvdiii=\count335
\l@youtvdiv=\count336
\l@youtvdv=\count337
\l@youtvdvi=\count338
\l@youtvdvii=\count339
\l@youtvdviii=\count340
\l@youtxci=\count341
\l@youtxcii=\count342
\l@youtxciii=\count343
\l@youtxciv=\count344
\l@youtxcv=\count345
\l@youtxcvi=\count346
\l@youtyci=\count347
\l@youtycii=\count348
\l@youtyciii=\count349
\l@youtyciv=\count350
\l@youtycv=\count351
\l@youtycvi=\count352
\l@youtycvii=\count353
\l@youtycviii=\count354
\l@youtxco=\count355
\l@youtyco=\count356
\l@ytempdima=\skip79
\trimedge=\skip80
\trimtop=\skip81
\uppermargin=\skip82
\spinemargin=\skip83
)
(d:/software/texlive/2024/texmf-dist/tex/latex/titlesec/titlesec.sty
Package: titlesec 2023/10/27 v2.16 Sectioning titles
\ttl@box=\box59
\beforetitleunit=\skip84
\aftertitleunit=\skip85
\ttl@plus=\dimen187
\ttl@minus=\dimen188
\ttl@toksa=\toks23
\titlewidth=\dimen189
\titlewidthlast=\dimen190
\titlewidthfirst=\dimen191
)
(d:/software/texlive/2024/texmf-dist/tex/latex/titlesec/titletoc.sty
Package: titletoc 2023/10/27 v2.16 TOC entries
\ttl@leftsep=\dimen192
)
(d:/software/texlive/2024/texmf-dist/tex/latex/fancyhdr/fancyhdr.sty
Package: fancyhdr 2022/11/09 v4.1 Extensive control of page headers and footers

\f@nch@headwidth=\skip86
\f@nch@O@elh=\skip87
\f@nch@O@erh=\skip88
\f@nch@O@olh=\skip89
\f@nch@O@orh=\skip90
\f@nch@O@elf=\skip91
\f@nch@O@erf=\skip92
\f@nch@O@olf=\skip93
\f@nch@O@orf=\skip94
)
(d:/software/texlive/2024/texmf-dist/tex/latex/fancyref/fancyref.sty
Package: fancyref 1999/02/03 v0.9c Fancy cross-referencing

(d:/software/texlive/2024/texmf-dist/tex/latex/tools/varioref.sty
Package: varioref 2022/01/09 v1.6f package for extended references (FMi)
\c@vrcnt=\count357
))
(d:/software/texlive/2024/texmf-dist/tex/latex/natbib/natbib.sty
Package: natbib 2010/09/13 8.31b (PWD, AO)
\bibhang=\skip95
\bibsep=\skip96
LaTeX Info: Redefining \cite on input line 694.
\c@NAT@ctr=\count358
)
(d:/software/texlive/2024/texmf-dist/tex/latex/tools/enumerate.sty
Package: enumerate 2023/07/04 v3.00 enumerate extensions (DPC)
\@enLab=\toks24
)
(d:/software/texlive/2024/texmf-dist/tex/latex/enumitem/enumitem.sty
Package: enumitem 2019/06/20 v3.9 Customized lists
\enitkv@toks@=\toks25
\labelindent=\skip97
\enit@outerparindent=\dimen193
\enit@toks=\toks26
\enit@inbox=\box60
\enit@count@id=\count359
\enitdp@description=\count360
)
(d:/software/texlive/2024/texmf-dist/tex/latex/graphics/graphicx.sty
Package: graphicx 2021/09/16 v1.2d Enhanced LaTeX Graphics (DPC,SPQR)

(d:/software/texlive/2024/texmf-dist/tex/latex/graphics/graphics.sty
Package: graphics 2022/03/10 v1.4e Standard LaTeX Graphics (DPC,SPQR)

(d:/software/texlive/2024/texmf-dist/tex/latex/graphics/trig.sty
Package: trig 2021/08/11 v1.11 sin cos tan (DPC)
)
(d:/software/texlive/2024/texmf-dist/tex/latex/graphics-cfg/graphics.cfg
File: graphics.cfg 2016/06/04 v1.11 sample graphics configuration
)
Package graphics Info: Driver file: xetex.def on input line 107.

(d:/software/texlive/2024/texmf-dist/tex/latex/graphics-def/xetex.def
File: xetex.def 2022/09/22 v5.0n Graphics/color driver for xetex
))
\Gin@req@height=\dimen194
\Gin@req@width=\dimen195
)
(d:/software/texlive/2024/texmf-dist/tex/latex/pdfpages/pdfpages.sty
Package: pdfpages 2024/01/21 v0.5y Insert pages of external PDF documents (AM)

(d:/software/texlive/2024/texmf-dist/tex/latex/base/ifthen.sty
Package: ifthen 2022/04/13 v1.1d Standard LaTeX ifthen package (DPC)
)
(d:/software/texlive/2024/texmf-dist/tex/latex/tools/calc.sty
Package: calc 2023/07/08 v4.3 Infix arithmetic (KKT,FJ)
\calc@Acount=\count361
\calc@Bcount=\count362
\calc@Adimen=\dimen196
\calc@Bdimen=\dimen197
\calc@Askip=\skip98
\calc@Bskip=\skip99
LaTeX Info: Redefining \setlength on input line 80.
LaTeX Info: Redefining \addtolength on input line 81.
\calc@Ccount=\count363
\calc@Cskip=\skip100
)
(d:/software/texlive/2024/texmf-dist/tex/latex/eso-pic/eso-pic.sty
Package: eso-pic 2023/05/03 v3.0c eso-pic (RN)
\ESO@tempdima=\dimen198
\ESO@tempdimb=\dimen199

(d:/software/texlive/2024/texmf-dist/tex/latex/xcolor/xcolor.sty
Package: xcolor 2023/11/15 v3.01 LaTeX color extensions (UK)

(d:/software/texlive/2024/texmf-dist/tex/latex/graphics-cfg/color.cfg
File: color.cfg 2016/01/02 v1.6 sample color configuration
)
Package xcolor Info: Driver file: xetex.def on input line 274.

(d:/software/texlive/2024/texmf-dist/tex/latex/graphics/mathcolor.ltx)
Package xcolor Info: Model `cmy' substituted by `cmy0' on input line 1350.
Package xcolor Info: Model `RGB' extended on input line 1366.
Package xcolor Info: Model `HTML' substituted by `rgb' on input line 1368.
Package xcolor Info: Model `Hsb' substituted by `hsb' on input line 1369.
Package xcolor Info: Model `tHsb' substituted by `hsb' on input line 1370.
Package xcolor Info: Model `HSB' substituted by `hsb' on input line 1371.
Package xcolor Info: Model `Gray' substituted by `gray' on input line 1372.
Package xcolor Info: Model `wave' substituted by `hsb' on input line 1373.
))
\AM@pagewidth=\dimen256
\AM@pageheight=\dimen257
\AM@fboxrule=\dimen258

(d:/software/texlive/2024/texmf-dist/tex/latex/pdfpages/ppxetex.def
File: ppxetex.def 2024/01/21 v0.5y Pdfpages driver for XeTeX (AM)
)
\pdfpages@includegraphics@status=\count364
\AM@pagebox=\box61
\AM@global@opts=\toks27
\AM@pagecnt=\count365
\AM@toc@title=\toks28
\AM@lof@heading=\toks29
\c@AM@survey=\count366
\AM@templatesizebox=\box62
)
(d:/software/texlive/2024/texmf-dist/tex/latex/pgf/frontendlayer/tikz.sty
(d:/software/texlive/2024/texmf-dist/tex/latex/pgf/basiclayer/pgf.sty
(d:/software/texlive/2024/texmf-dist/tex/latex/pgf/utilities/pgfrcs.sty
(d:/software/texlive/2024/texmf-dist/tex/generic/pgf/utilities/pgfutil-common.t
ex
\pgfutil@everybye=\toks30
\pgfutil@tempdima=\dimen259
\pgfutil@tempdimb=\dimen260
)
(d:/software/texlive/2024/texmf-dist/tex/generic/pgf/utilities/pgfutil-latex.de
f
\pgfutil@abb=\box63
)
(d:/software/texlive/2024/texmf-dist/tex/generic/pgf/utilities/pgfrcs.code.tex
(d:/software/texlive/2024/texmf-dist/tex/generic/pgf/pgf.revision.tex)
Package: pgfrcs 2023-01-15 v3.1.10 (3.1.10)
))
Package: pgf 2023-01-15 v3.1.10 (3.1.10)

(d:/software/texlive/2024/texmf-dist/tex/latex/pgf/basiclayer/pgfcore.sty
(d:/software/texlive/2024/texmf-dist/tex/latex/pgf/systemlayer/pgfsys.sty
(d:/software/texlive/2024/texmf-dist/tex/generic/pgf/systemlayer/pgfsys.code.te
x
Package: pgfsys 2023-01-15 v3.1.10 (3.1.10)

(d:/software/texlive/2024/texmf-dist/tex/generic/pgf/utilities/pgfkeys.code.tex
\pgfkeys@pathtoks=\toks31
\pgfkeys@temptoks=\toks32

(d:/software/texlive/2024/texmf-dist/tex/generic/pgf/utilities/pgfkeyslibraryfi
ltered.code.tex
\pgfkeys@tmptoks=\toks33
))
\pgf@x=\dimen261
\pgf@y=\dimen262
\pgf@xa=\dimen263
\pgf@ya=\dimen264
\pgf@xb=\dimen265
\pgf@yb=\dimen266
\pgf@xc=\dimen267
\pgf@yc=\dimen268
\pgf@xd=\dimen269
\pgf@yd=\dimen270
\w@pgf@writea=\write3
\r@pgf@reada=\read2
\c@pgf@counta=\count367
\c@pgf@countb=\count368
\c@pgf@countc=\count369
\c@pgf@countd=\count370
\t@pgf@toka=\toks34
\t@pgf@tokb=\toks35
\t@pgf@tokc=\toks36
\pgf@sys@id@count=\count371

(d:/software/texlive/2024/texmf-dist/tex/generic/pgf/systemlayer/pgf.cfg
File: pgf.cfg 2023-01-15 v3.1.10 (3.1.10)
)
Driver file for pgf: pgfsys-xetex.def

(d:/software/texlive/2024/texmf-dist/tex/generic/pgf/systemlayer/pgfsys-xetex.d
ef
File: pgfsys-xetex.def 2023-01-15 v3.1.10 (3.1.10)

(d:/software/texlive/2024/texmf-dist/tex/generic/pgf/systemlayer/pgfsys-dvipdfm
x.def
File: pgfsys-dvipdfmx.def 2023-01-15 v3.1.10 (3.1.10)

(d:/software/texlive/2024/texmf-dist/tex/generic/pgf/systemlayer/pgfsys-common-
pdf.def
File: pgfsys-common-pdf.def 2023-01-15 v3.1.10 (3.1.10)
)
\pgfsys@objnum=\count372
)))
(d:/software/texlive/2024/texmf-dist/tex/generic/pgf/systemlayer/pgfsyssoftpath
.code.tex
File: pgfsyssoftpath.code.tex 2023-01-15 v3.1.10 (3.1.10)
\pgfsyssoftpath@smallbuffer@items=\count373
\pgfsyssoftpath@bigbuffer@items=\count374
)
(d:/software/texlive/2024/texmf-dist/tex/generic/pgf/systemlayer/pgfsysprotocol
.code.tex
File: pgfsysprotocol.code.tex 2023-01-15 v3.1.10 (3.1.10)
))
(d:/software/texlive/2024/texmf-dist/tex/generic/pgf/basiclayer/pgfcore.code.te
x
Package: pgfcore 2023-01-15 v3.1.10 (3.1.10)
 (d:/software/texlive/2024/texmf-dist/tex/generic/pgf/math/pgfmath.code.tex
(d:/software/texlive/2024/texmf-dist/tex/generic/pgf/math/pgfmathutil.code.tex)

(d:/software/texlive/2024/texmf-dist/tex/generic/pgf/math/pgfmathparser.code.te
x
\pgfmath@dimen=\dimen271
\pgfmath@count=\count375
\pgfmath@box=\box64
\pgfmath@toks=\toks37
\pgfmath@stack@operand=\toks38
\pgfmath@stack@operation=\toks39
)
(d:/software/texlive/2024/texmf-dist/tex/generic/pgf/math/pgfmathfunctions.code
.tex)
(d:/software/texlive/2024/texmf-dist/tex/generic/pgf/math/pgfmathfunctions.basi
c.code.tex)
(d:/software/texlive/2024/texmf-dist/tex/generic/pgf/math/pgfmathfunctions.trig
onometric.code.tex)
(d:/software/texlive/2024/texmf-dist/tex/generic/pgf/math/pgfmathfunctions.rand
om.code.tex)
(d:/software/texlive/2024/texmf-dist/tex/generic/pgf/math/pgfmathfunctions.comp
arison.code.tex)
(d:/software/texlive/2024/texmf-dist/tex/generic/pgf/math/pgfmathfunctions.base
.code.tex)
(d:/software/texlive/2024/texmf-dist/tex/generic/pgf/math/pgfmathfunctions.roun
d.code.tex)
(d:/software/texlive/2024/texmf-dist/tex/generic/pgf/math/pgfmathfunctions.misc
.code.tex)
(d:/software/texlive/2024/texmf-dist/tex/generic/pgf/math/pgfmathfunctions.inte
gerarithmetics.code.tex)
(d:/software/texlive/2024/texmf-dist/tex/generic/pgf/math/pgfmathcalc.code.tex)

(d:/software/texlive/2024/texmf-dist/tex/generic/pgf/math/pgfmathfloat.code.tex
\c@pgfmathroundto@lastzeros=\count376
)) (d:/software/texlive/2024/texmf-dist/tex/generic/pgf/math/pgfint.code.tex)
(d:/software/texlive/2024/texmf-dist/tex/generic/pgf/basiclayer/pgfcorepoints.c
ode.tex
File: pgfcorepoints.code.tex 2023-01-15 v3.1.10 (3.1.10)
\pgf@picminx=\dimen272
\pgf@picmaxx=\dimen273
\pgf@picminy=\dimen274
\pgf@picmaxy=\dimen275
\pgf@pathminx=\dimen276
\pgf@pathmaxx=\dimen277
\pgf@pathminy=\dimen278
\pgf@pathmaxy=\dimen279
\pgf@xx=\dimen280
\pgf@xy=\dimen281
\pgf@yx=\dimen282
\pgf@yy=\dimen283
\pgf@zx=\dimen284
\pgf@zy=\dimen285
)
(d:/software/texlive/2024/texmf-dist/tex/generic/pgf/basiclayer/pgfcorepathcons
truct.code.tex
File: pgfcorepathconstruct.code.tex 2023-01-15 v3.1.10 (3.1.10)
\pgf@path@lastx=\dimen286
\pgf@path@lasty=\dimen287
)
(d:/software/texlive/2024/texmf-dist/tex/generic/pgf/basiclayer/pgfcorepathusag
e.code.tex
File: pgfcorepathusage.code.tex 2023-01-15 v3.1.10 (3.1.10)
\pgf@shorten@end@additional=\dimen288
\pgf@shorten@start@additional=\dimen289
)
(d:/software/texlive/2024/texmf-dist/tex/generic/pgf/basiclayer/pgfcorescopes.c
ode.tex
File: pgfcorescopes.code.tex 2023-01-15 v3.1.10 (3.1.10)
\pgfpic=\box65
\pgf@hbox=\box66
\pgf@layerbox@main=\box67
\pgf@picture@serial@count=\count377
)
(d:/software/texlive/2024/texmf-dist/tex/generic/pgf/basiclayer/pgfcoregraphics
tate.code.tex
File: pgfcoregraphicstate.code.tex 2023-01-15 v3.1.10 (3.1.10)
\pgflinewidth=\dimen290
)
(d:/software/texlive/2024/texmf-dist/tex/generic/pgf/basiclayer/pgfcoretransfor
mations.code.tex
File: pgfcoretransformations.code.tex 2023-01-15 v3.1.10 (3.1.10)
\pgf@pt@x=\dimen291
\pgf@pt@y=\dimen292
\pgf@pt@temp=\dimen293
)
(d:/software/texlive/2024/texmf-dist/tex/generic/pgf/basiclayer/pgfcorequick.co
de.tex
File: pgfcorequick.code.tex 2023-01-15 v3.1.10 (3.1.10)
)
(d:/software/texlive/2024/texmf-dist/tex/generic/pgf/basiclayer/pgfcoreobjects.
code.tex
File: pgfcoreobjects.code.tex 2023-01-15 v3.1.10 (3.1.10)
)
(d:/software/texlive/2024/texmf-dist/tex/generic/pgf/basiclayer/pgfcorepathproc
essing.code.tex
File: pgfcorepathprocessing.code.tex 2023-01-15 v3.1.10 (3.1.10)
)
(d:/software/texlive/2024/texmf-dist/tex/generic/pgf/basiclayer/pgfcorearrows.c
ode.tex
File: pgfcorearrows.code.tex 2023-01-15 v3.1.10 (3.1.10)
\pgfarrowsep=\dimen294
)
(d:/software/texlive/2024/texmf-dist/tex/generic/pgf/basiclayer/pgfcoreshade.co
de.tex
File: pgfcoreshade.code.tex 2023-01-15 v3.1.10 (3.1.10)
\pgf@max=\dimen295
\pgf@sys@shading@range@num=\count378
\pgf@shadingcount=\count379
)
(d:/software/texlive/2024/texmf-dist/tex/generic/pgf/basiclayer/pgfcoreimage.co
de.tex
File: pgfcoreimage.code.tex 2023-01-15 v3.1.10 (3.1.10)
)
(d:/software/texlive/2024/texmf-dist/tex/generic/pgf/basiclayer/pgfcoreexternal
.code.tex
File: pgfcoreexternal.code.tex 2023-01-15 v3.1.10 (3.1.10)
\pgfexternal@startupbox=\box68
)
(d:/software/texlive/2024/texmf-dist/tex/generic/pgf/basiclayer/pgfcorelayers.c
ode.tex
File: pgfcorelayers.code.tex 2023-01-15 v3.1.10 (3.1.10)
)
(d:/software/texlive/2024/texmf-dist/tex/generic/pgf/basiclayer/pgfcoretranspar
ency.code.tex
File: pgfcoretransparency.code.tex 2023-01-15 v3.1.10 (3.1.10)
)
(d:/software/texlive/2024/texmf-dist/tex/generic/pgf/basiclayer/pgfcorepatterns
.code.tex
File: pgfcorepatterns.code.tex 2023-01-15 v3.1.10 (3.1.10)
)
(d:/software/texlive/2024/texmf-dist/tex/generic/pgf/basiclayer/pgfcorerdf.code
.tex
File: pgfcorerdf.code.tex 2023-01-15 v3.1.10 (3.1.10)
)))
(d:/software/texlive/2024/texmf-dist/tex/generic/pgf/modules/pgfmoduleshapes.co
de.tex
File: pgfmoduleshapes.code.tex 2023-01-15 v3.1.10 (3.1.10)
\pgfnodeparttextbox=\box69
)
(d:/software/texlive/2024/texmf-dist/tex/generic/pgf/modules/pgfmoduleplot.code
.tex
File: pgfmoduleplot.code.tex 2023-01-15 v3.1.10 (3.1.10)
)
(d:/software/texlive/2024/texmf-dist/tex/latex/pgf/compatibility/pgfcomp-versio
n-0-65.sty
Package: pgfcomp-version-0-65 2023-01-15 v3.1.10 (3.1.10)
\pgf@nodesepstart=\dimen296
\pgf@nodesepend=\dimen297
)
(d:/software/texlive/2024/texmf-dist/tex/latex/pgf/compatibility/pgfcomp-versio
n-1-18.sty
Package: pgfcomp-version-1-18 2023-01-15 v3.1.10 (3.1.10)
))
(d:/software/texlive/2024/texmf-dist/tex/latex/pgf/utilities/pgffor.sty
(d:/software/texlive/2024/texmf-dist/tex/latex/pgf/utilities/pgfkeys.sty
(d:/software/texlive/2024/texmf-dist/tex/generic/pgf/utilities/pgfkeys.code.tex
)) (d:/software/texlive/2024/texmf-dist/tex/latex/pgf/math/pgfmath.sty
(d:/software/texlive/2024/texmf-dist/tex/generic/pgf/math/pgfmath.code.tex))
(d:/software/texlive/2024/texmf-dist/tex/generic/pgf/utilities/pgffor.code.tex
Package: pgffor 2023-01-15 v3.1.10 (3.1.10)
\pgffor@iter=\dimen298
\pgffor@skip=\dimen299
\pgffor@stack=\toks40
\pgffor@toks=\toks41
))
(d:/software/texlive/2024/texmf-dist/tex/generic/pgf/frontendlayer/tikz/tikz.co
de.tex
Package: tikz 2023-01-15 v3.1.10 (3.1.10)

(d:/software/texlive/2024/texmf-dist/tex/generic/pgf/libraries/pgflibraryplotha
ndlers.code.tex
File: pgflibraryplothandlers.code.tex 2023-01-15 v3.1.10 (3.1.10)
\pgf@plot@mark@count=\count380
\pgfplotmarksize=\dimen300
)
\tikz@lastx=\dimen301
\tikz@lasty=\dimen302
\tikz@lastxsaved=\dimen303
\tikz@lastysaved=\dimen304
\tikz@lastmovetox=\dimen305
\tikz@lastmovetoy=\dimen306
\tikzleveldistance=\dimen307
\tikzsiblingdistance=\dimen308
\tikz@figbox=\box70
\tikz@figbox@bg=\box71
\tikz@tempbox=\box72
\tikz@tempbox@bg=\box73
\tikztreelevel=\count381
\tikznumberofchildren=\count382
\tikznumberofcurrentchild=\count383
\tikz@fig@count=\count384

(d:/software/texlive/2024/texmf-dist/tex/generic/pgf/modules/pgfmodulematrix.co
de.tex
File: pgfmodulematrix.code.tex 2023-01-15 v3.1.10 (3.1.10)
\pgfmatrixcurrentrow=\count385
\pgfmatrixcurrentcolumn=\count386
\pgf@matrix@numberofcolumns=\count387
)
\tikz@expandcount=\count388

(d:/software/texlive/2024/texmf-dist/tex/generic/pgf/frontendlayer/tikz/librari
es/tikzlibrarytopaths.code.tex
File: tikzlibrarytopaths.code.tex 2023-01-15 v3.1.10 (3.1.10)
)))
(d:/software/texlive/2024/texmf-dist/tex/latex/caption/caption.sty
Package: caption 2023/08/05 v3.6o Customizing captions (AR)

(d:/software/texlive/2024/texmf-dist/tex/latex/caption/caption3.sty
Package: caption3 2023/07/31 v2.4d caption3 kernel (AR)
\caption@tempdima=\dimen309
\captionmargin=\dimen310
\caption@leftmargin=\dimen311
\caption@rightmargin=\dimen312
\caption@width=\dimen313
\caption@indent=\dimen314
\caption@parindent=\dimen315
\caption@hangindent=\dimen316
Package caption Info: Standard document class detected.
)
\c@caption@flags=\count389
\c@continuedfloat=\count390
Package caption Info: hyperref package is loaded.
)
(d:/software/texlive/2024/texmf-dist/tex/latex/caption/subcaption.sty
Package: subcaption 2023/07/28 v1.6b Sub-captions (AR)
Package caption Info: New subtype `subfigure' on input line 238.
\c@subfigure=\count391
Package caption Info: New subtype `subtable' on input line 238.
\c@subtable=\count392
)
(d:/software/texlive/2024/texmf-dist/tex/latex/wrapfig/wrapfig.sty
\wrapoverhang=\dimen317
\WF@size=\dimen318
\c@WF@wrappedlines=\count393
\WF@box=\box74
\WF@everypar=\toks42
Package: wrapfig 2003/01/31  v 3.6
)
(d:/software/texlive/2024/texmf-dist/tex/latex/multirow/multirow.sty
Package: multirow 2021/03/15 v2.8 Span multiple rows of a table
\multirow@colwidth=\skip101
\multirow@cntb=\count394
\multirow@dima=\skip102
\bigstrutjot=\dimen319
)
(d:/software/texlive/2024/texmf-dist/tex/latex/makecell/makecell.sty
Package: makecell 2009/08/03 V0.1e Managing of Tab Column Heads and Cells

(d:/software/texlive/2024/texmf-dist/tex/latex/tools/array.sty
Package: array 2023/10/16 v2.5g Tabular extension package (FMi)
\col@sep=\dimen320
\ar@mcellbox=\box75
\extrarowheight=\dimen321
\NC@list=\toks43
\extratabsurround=\skip103
\backup@length=\skip104
\ar@cellbox=\box76
)
\rotheadsize=\dimen322
\c@nlinenum=\count395
\TeXr@lab=\toks44
)
(d:/software/texlive/2024/texmf-dist/tex/latex/tools/longtable.sty
Package: longtable 2023-11-01 v4.19 Multi-page Table package (DPC)
\LTleft=\skip105
\LTright=\skip106
\LTpre=\skip107
\LTpost=\skip108
\LTchunksize=\count396
\LTcapwidth=\dimen323
\LT@head=\box77
\LT@firsthead=\box78
\LT@foot=\box79
\LT@lastfoot=\box80
\LT@gbox=\box81
\LT@cols=\count397
\LT@rows=\count398
\c@LT@tables=\count399
\c@LT@chunks=\count400
\LT@p@ftn=\toks45
)
(d:/software/texlive/2024/texmf-dist/tex/latex/booktabs/booktabs.sty
Package: booktabs 2020/01/12 v1.61803398 Publication quality tables
\heavyrulewidth=\dimen324
\lightrulewidth=\dimen325
\cmidrulewidth=\dimen326
\belowrulesep=\dimen327
\belowbottomsep=\dimen328
\aboverulesep=\dimen329
\abovetopsep=\dimen330
\cmidrulesep=\dimen331
\cmidrulekern=\dimen332
\defaultaddspace=\dimen333
\@cmidla=\count401
\@cmidlb=\count402
\@aboverulesep=\dimen334
\@belowrulesep=\dimen335
\@thisruleclass=\count403
\@lastruleclass=\count404
\@thisrulewidth=\dimen336
)
(d:/software/texlive/2024/texmf-dist/tex/latex/tools/tabularx.sty
Package: tabularx 2023/07/08 v2.11c `tabularx' package (DPC)
\TX@col@width=\dimen337
\TX@old@table=\dimen338
\TX@old@col=\dimen339
\TX@target=\dimen340
\TX@delta=\dimen341
\TX@cols=\count405
\TX@ftn=\toks46
)
(d:/software/texlive/2024/texmf-dist/tex/latex/setspace/setspace.sty
Package: setspace 2022/12/04 v6.7b set line spacing
)
(d:/software/texlive/2024/texmf-dist/tex/latex/ragged2e/ragged2e.sty
Package: ragged2e 2023/06/22 v3.6 ragged2e Package
\CenteringLeftskip=\skip109
\RaggedLeftLeftskip=\skip110
\RaggedRightLeftskip=\skip111
\CenteringRightskip=\skip112
\RaggedLeftRightskip=\skip113
\RaggedRightRightskip=\skip114
\CenteringParfillskip=\skip115
\RaggedLeftParfillskip=\skip116
\RaggedRightParfillskip=\skip117
\JustifyingParfillskip=\skip118
\CenteringParindent=\skip119
\RaggedLeftParindent=\skip120
\RaggedRightParindent=\skip121
\JustifyingParindent=\skip122
)
(d:/software/texlive/2024/texmf-dist/tex/latex/ntheorem/ntheorem.sty
Style `ntheorem', Version 1.33 <2011/08/15>
Package: ntheorem 2011/08/15 1.33
\theorem@style=\toks47
\theorem@@style=\toks48
\theorembodyfont=\toks49
\theoremnumbering=\toks50
\theorempreskipamount=\skip123
\theorempostskipamount=\skip124
\theoremframepreskipamount=\skip125
\theoremframepostskipamount=\skip126
\theoreminframepreskipamount=\skip127
\theoreminframepostskipamount=\skip128
\theorem@preskip=\toks51
\theorem@postskip=\toks52
\theorem@framepreskip=\toks53
\theorem@framepostskip=\toks54
\theorem@inframepreskip=\toks55
\theorem@inframepostskip=\toks56
\theoremindent=\dimen342
\theorem@indent=\dimen343
\theoremrightindent=\dimen344
\theorem@rightindent=\dimen345
\theoremheaderfont=\toks57
\theoremseparator=\toks58
\theoremprework=\toks59
\theorempostwork=\toks60
\theoremsymbol=\toks61
\qedsymbol=\toks62
\theoremkeyword=\toks63
\qedsymbol=\toks64
\thm@topsep=\skip129
\thm@topsepadd=\skip130
Package ntheorem Info: Option `thmmarks' loaded on input line 1175.
\c@endNonectr=\count406
\c@currNonectr=\count407
\mysavskip=\skip131
)
\c@currproofctr=\count408
\c@endproofctr=\count409
\c@proof=\count410
\c@currtheoremctr=\count411
\c@endtheoremctr=\count412
\c@theorem=\count413
\c@curraxiomctr=\count414
\c@endaxiomctr=\count415
\c@currcorollaryctr=\count416
\c@endcorollaryctr=\count417
\c@currlemmactr=\count418
\c@endlemmactr=\count419
\c@currdefinitionctr=\count420
\c@enddefinitionctr=\count421
\c@currexamplectr=\count422
\c@endexamplectr=\count423
\c@currpropositionctr=\count424
\c@endpropositionctr=\count425
 (d:/software/texlive/2024/texmf-dist/tex/latex/listings/listings.sty
\lst@mode=\count426
\lst@gtempboxa=\box82
\lst@token=\toks65
\lst@length=\count427
\lst@currlwidth=\dimen346
\lst@column=\count428
\lst@pos=\count429
\lst@lostspace=\dimen347
\lst@width=\dimen348
\lst@newlines=\count430
\lst@lineno=\count431
\lst@maxwidth=\dimen349

(d:/software/texlive/2024/texmf-dist/tex/latex/listings/lstpatch.sty
File: lstpatch.sty 2024/02/21 1.10 (Carsten Heinz)
)
(d:/software/texlive/2024/texmf-dist/tex/latex/listings/lstmisc.sty
File: lstmisc.sty 2024/02/21 1.10 (Carsten Heinz)
\c@lstnumber=\count432
\lst@skipnumbers=\count433
\lst@framebox=\box83
)
(d:/software/texlive/2024/texmf-dist/tex/latex/listings/listings.cfg
File: listings.cfg 2024/02/21 1.10 listings configuration
))
Package: listings 2024/02/21 1.10 (Carsten Heinz)

(d:/software/texlive/2024/texmf-dist/tex/xelatex/xecjk/xeCJK-listings.sty
Package: xeCJK-listings 2022/08/05 v3.9.1 xeCJK patch file for listings
\l__xeCJK_listings_max_char_int=\count434
\l__xeCJK_listings_flag_int=\count435
)
(d:/software/texlive/2024/texmf-dist/tex/latex/listings/lstlang1.sty
File: lstlang1.sty 2024/02/21 1.10 listings language file
)
(d:/software/texlive/2024/texmf-dist/tex/latex/listings/lstlang2.sty
File: lstlang2.sty 2024/02/21 1.10 listings language file
)
(d:/software/texlive/2024/texmf-dist/tex/latex/listings/lstlang3.sty
File: lstlang3.sty 2024/02/21 1.10 listings language file
)
(d:/software/texlive/2024/texmf-dist/tex/latex/algorithms/algorithm.sty
Invalid UTF-8 byte or sequence at line 11 replaced by U+FFFD.
Package: algorithm 2009/08/24 v0.1 Document Style `algorithm' - floating enviro
nment

(d:/software/texlive/2024/texmf-dist/tex/latex/float/float.sty
Package: float 2001/11/08 v1.3d Float enhancements (AL)
\c@float@type=\count436
\float@exts=\toks66
\float@box=\box84
\@float@everytoks=\toks67
\@floatcapt=\box85
)
\@float@every@algorithm=\toks68
\c@algorithm=\count437
)
(d:/software/texlive/2024/texmf-dist/tex/latex/algorithmicx/algpseudocode.sty
Package: algpseudocode 

(d:/software/texlive/2024/texmf-dist/tex/latex/algorithmicx/algorithmicx.sty
Package: algorithmicx 2005/04/27 v1.2 Algorithmicx

Document Style algorithmicx 1.2 - a greatly improved `algorithmic' style
\c@ALG@line=\count438
\c@ALG@rem=\count439
\c@ALG@nested=\count440
\ALG@tlm=\skip132
\ALG@thistlm=\skip133
\c@ALG@Lnr=\count441
\c@ALG@blocknr=\count442
\c@ALG@storecount=\count443
\c@ALG@tmpcounter=\count444
\ALG@tmplength=\skip134
)
Document Style - pseudocode environments for use with the `algorithmicx' style
) (d:/software/texlive/2024/texmf-dist/tex/latex/appendix/appendix.sty
Package: appendix 2020/02/08 v1.2c extra appendix facilities
\c@@pps=\count445
\c@@ppsavesec=\count446
\c@@ppsaveapp=\count447
)
(d:/software/texlive/2024/texmf-dist/tex/latex/nomencl/nomencl.sty
Package: nomencl 2021/11/10 v5.6 Nomenclature package

(d:/software/texlive/2024/texmf-dist/tex/latex/koma-script/tocbasic.sty
Package: tocbasic 2023/07/07 v3.41 KOMA-Script package (handling toc-files)

(d:/software/texlive/2024/texmf-dist/tex/latex/koma-script/scrbase.sty
Package: scrbase 2023/07/07 v3.41 KOMA-Script package (KOMA-Script-independent 
basics and keyval usage)

(d:/software/texlive/2024/texmf-dist/tex/latex/koma-script/scrlfile.sty
Package: scrlfile 2023/07/07 v3.41 KOMA-Script package (file load hooks)

(d:/software/texlive/2024/texmf-dist/tex/latex/koma-script/scrlfile-hook.sty
Package: scrlfile-hook 2023/07/07 v3.41 KOMA-Script package (using LaTeX hooks)


(d:/software/texlive/2024/texmf-dist/tex/latex/koma-script/scrlogo.sty
Package: scrlogo 2023/07/07 v3.41 KOMA-Script package (logo)
)))
Applying: [2021/05/01] Usage of raw or classic option list on input line 252.
Already applied: [0000/00/00] Usage of raw or classic option list on input line
 368.
)
\scr@dte@tocline@numberwidth=\skip135
\scr@dte@tocline@numbox=\box86
)
Package tocbasic Info: omitting babel extension for `nlo'
(tocbasic)             because of missing \bbl@set@language on input line 187.
Package tocbasic Info: omitting babel extension for `nls'
(tocbasic)             because of missing \bbl@set@language on input line 188.
\nomlabelwidth=\dimen350
\nom@tempdim=\dimen351
\nomitemsep=\skip136
)
(d:/software/texlive/2024/texmf-dist/tex/latex/tools/multicol.sty
Package: multicol 2023/03/30 v1.9f multicolumn formatting (FMi)
\c@tracingmulticols=\count448
\mult@box=\box87
\multicol@leftmargin=\dimen352
\c@unbalance=\count449
\c@collectmore=\count450
\doublecol@number=\count451
\multicoltolerance=\count452
\multicolpretolerance=\count453
\full@width=\dimen353
\page@free=\dimen354
\premulticols=\dimen355
\postmulticols=\dimen356
\multicolsep=\skip137
\multicolbaselineskip=\skip138
\partial@page=\box88
\last@line=\box89
\mc@boxedresult=\box90
\maxbalancingoverflow=\dimen357
\mult@rightbox=\box91
\mult@grightbox=\box92
\mult@firstbox=\box93
\mult@gfirstbox=\box94
\@tempa=\box95
\@tempa=\box96
\@tempa=\box97
\@tempa=\box98
\@tempa=\box99
\@tempa=\box100
\@tempa=\box101
\@tempa=\box102
\@tempa=\box103
\@tempa=\box104
\@tempa=\box105
\@tempa=\box106
\@tempa=\box107
\@tempa=\box108
\@tempa=\box109
\@tempa=\box110
\@tempa=\box111
\@tempa=\box112
\@tempa=\box113
\@tempa=\box114
\@tempa=\box115
\@tempa=\box116
\@tempa=\box117
\@tempa=\box118
\@tempa=\box119
\@tempa=\box120
\@tempa=\box121
\@tempa=\box122
\@tempa=\box123
\@tempa=\box124
\@tempa=\box125
\@tempa=\box126
\@tempa=\box127
\@tempa=\box128
\@tempa=\box129
\@tempa=\box130
\c@minrows=\count454
\c@columnbadness=\count455
\c@finalcolumnbadness=\count456
\last@try=\dimen358
\multicolovershoot=\dimen359
\multicolundershoot=\dimen360
\mult@nat@firstbox=\box131
\colbreak@box=\box132
\mc@col@check@num=\count457
)
\@nomenclaturefile=\write4
\openout4 = `yanputhesis-sample.nlo'.

Package nomencl Info: Writing nomenclature file yanputhesis-sample.nlo on input
 line 343.
)
(d:/software/texlive/2024/texmf-dist/tex/latex/blindtext/blindtext.sty
Package: blindtext 2012/01/06 V2.0 blindtext-Package

(d:/software/texlive/2024/texmf-dist/tex/latex/tools/xspace.sty
Package: xspace 2014/10/28 v1.13 Space after command names (DPC,MH)
)
\c@blindtext=\count458
\c@Blindtext=\count459
\c@blind@countparstart=\count460
\blind@countxx=\count461
\blindtext@numBlindtext=\count462
\blind@countyy=\count463
\c@blindlist=\count464
\c@blindlistlevel=\count465
\c@blindlist@level=\count466
\blind@listitem=\count467
\c@blind@listcount=\count468
\c@blind@levelcount=\count469
\blind@mathformula=\count470
\blind@Mathformula=\count471
\c@blind@randomcount=\count472
\c@blind@randommax=\count473
\c@blind@pangramcount=\count474
\c@blind@pangrammax=\count475
)
(d:/software/texlive/2024/texmf-dist/tex/latex/metalogo/metalogo.sty
Package: metalogo 2010/05/29 v0.12 Extended TeX logo macros

(d:/software/texlive/2024/texmf-dist/tex/generic/iftex/ifxetex.sty
Package: ifxetex 2019/10/25 v0.7 ifxetex legacy package. Use iftex instead.
)
\xl@everylogo=\toks69
\xl@@everylogo=\toks70
LaTeX Info: Redefining \TeX on input line 193.
LaTeX Info: Redefining \LaTeX on input line 202.
LaTeX Info: Redefining \LaTeXe on input line 219.
)
(d:/software/texlive/2024/texmf-dist/tex/latex/siunitx/siunitx.sty
Package: siunitx 2024-02-15 v3.3.12 A comprehensive (SI) units package
\l__siunitx_number_uncert_offset_int=\count476
\l__siunitx_number_exponent_fixed_int=\count477
\l__siunitx_number_min_decimal_int=\count478
\l__siunitx_number_min_integer_int=\count479
\l__siunitx_number_round_precision_int=\count480
\l__siunitx_number_lower_threshold_int=\count481
\l__siunitx_number_upper_threshold_int=\count482
\l__siunitx_number_group_first_int=\count483
\l__siunitx_number_group_size_int=\count484
\l__siunitx_number_group_minimum_int=\count485
\l__siunitx_angle_tmp_dim=\dimen361
\l__siunitx_angle_marker_box=\box133
\l__siunitx_angle_unit_box=\box134
\l__siunitx_compound_count_int=\count486

(d:/software/texlive/2024/texmf-dist/tex/latex/translations/translations.sty
Package: translations 2022/02/05 v1.12 internationalization of LaTeX2e packages
 (CN)
)
(d:/software/texlive/2024/texmf-dist/tex/latex/amsmath/amstext.sty
Package: amstext 2021/08/26 v2.01 AMS text

(d:/software/texlive/2024/texmf-dist/tex/latex/amsmath/amsgen.sty
File: amsgen.sty 1999/11/30 v2.0 generic functions
\@emptytoks=\toks71
\ex@=\dimen362
))
\l__siunitx_table_tmp_box=\box135
\l__siunitx_table_tmp_dim=\dimen363
\l__siunitx_table_column_width_dim=\dimen364
\l__siunitx_table_integer_box=\box136
\l__siunitx_table_decimal_box=\box137
\l__siunitx_table_uncert_box=\box138
\l__siunitx_table_before_box=\box139
\l__siunitx_table_after_box=\box140
\l__siunitx_table_before_dim=\dimen365
\l__siunitx_table_carry_dim=\dimen366
\l__siunitx_unit_tmp_int=\count487
\l__siunitx_unit_position_int=\count488
\l__siunitx_unit_total_int=\count489


Package siunitx Warning: Option "binary-units" has been removed in this
(siunitx)                release.

) (d:/software/texlive/2024/texmf-dist/tex/latex/amsmath/amsmath.sty
Package: amsmath 2023/05/13 v2.17o AMS math features
\@mathmargin=\skip139

For additional information on amsmath, use the `?' option.
(d:/software/texlive/2024/texmf-dist/tex/latex/amsmath/amsbsy.sty
Package: amsbsy 1999/11/29 v1.2d Bold Symbols
\pmbraise@=\dimen367
)
(d:/software/texlive/2024/texmf-dist/tex/latex/amsmath/amsopn.sty
Package: amsopn 2022/04/08 v2.04 operator names
)
\inf@bad=\count490
LaTeX Info: Redefining \frac on input line 234.
\uproot@=\count491
\leftroot@=\count492
LaTeX Info: Redefining \overline on input line 399.
LaTeX Info: Redefining \colon on input line 410.
\classnum@=\count493
\DOTSCASE@=\count494
LaTeX Info: Redefining \ldots on input line 496.
LaTeX Info: Redefining \dots on input line 499.
LaTeX Info: Redefining \cdots on input line 620.
\Mathstrutbox@=\box141
\strutbox@=\box142
LaTeX Info: Redefining \big on input line 722.
LaTeX Info: Redefining \Big on input line 723.
LaTeX Info: Redefining \bigg on input line 724.
LaTeX Info: Redefining \Bigg on input line 725.
\big@size=\dimen368
LaTeX Font Info:    Redeclaring font encoding OML on input line 743.
LaTeX Font Info:    Redeclaring font encoding OMS on input line 744.
\macc@depth=\count495
LaTeX Info: Redefining \bmod on input line 905.
LaTeX Info: Redefining \pmod on input line 910.
LaTeX Info: Redefining \smash on input line 940.
LaTeX Info: Redefining \relbar on input line 970.
LaTeX Info: Redefining \Relbar on input line 971.
\c@MaxMatrixCols=\count496
\dotsspace@=\muskip18
\c@parentequation=\count497
\dspbrk@lvl=\count498
\tag@help=\toks72
\row@=\count499
\column@=\count500
\maxfields@=\count501
\andhelp@=\toks73
\eqnshift@=\dimen369
\alignsep@=\dimen370
\tagshift@=\dimen371
\tagwidth@=\dimen372
\totwidth@=\dimen373
\lineht@=\dimen374
\@envbody=\toks74
\multlinegap=\skip140
\multlinetaggap=\skip141
\mathdisplay@stack=\toks75
LaTeX Info: Redefining \[ on input line 2953.
LaTeX Info: Redefining \] on input line 2954.
)

LaTeX Info: File `reference.bib' already exists on the system.
            Not generating it from this source.

Package translations Info: No language package found. I am going to use `englis
h' as default language. on input line 148.

LaTeX Warning: Unused global option(s):
    [lang=chs,degree=master,blindreview=false,adobe=false].

(./yanputhesis-sample.aux)
\openout1 = `yanputhesis-sample.aux'.

LaTeX Font Info:    Checking defaults for OML/cmm/m/it on input line 148.
LaTeX Font Info:    ... okay on input line 148.
LaTeX Font Info:    Checking defaults for OMS/cmsy/m/n on input line 148.
LaTeX Font Info:    ... okay on input line 148.
LaTeX Font Info:    Checking defaults for OT1/cmr/m/n on input line 148.
LaTeX Font Info:    ... okay on input line 148.
LaTeX Font Info:    Checking defaults for T1/cmr/m/n on input line 148.
LaTeX Font Info:    ... okay on input line 148.
LaTeX Font Info:    Checking defaults for TS1/cmr/m/n on input line 148.
LaTeX Font Info:    Trying to load font information for TS1+cmr on input line 1
48.

(d:/software/texlive/2024/texmf-dist/tex/latex/base/ts1cmr.fd
File: ts1cmr.fd 2023/04/13 v2.5m Standard LaTeX font definitions
)
LaTeX Font Info:    ... okay on input line 148.
LaTeX Font Info:    Checking defaults for TU/lmr/m/n on input line 148.
LaTeX Font Info:    ... okay on input line 148.
LaTeX Font Info:    Checking defaults for OMX/cmex/m/n on input line 148.
LaTeX Font Info:    ... okay on input line 148.
LaTeX Font Info:    Checking defaults for U/cmr/m/n on input line 148.
LaTeX Font Info:    ... okay on input line 148.
LaTeX Font Info:    Checking defaults for PD1/pdf/m/n on input line 148.
LaTeX Font Info:    ... okay on input line 148.
LaTeX Font Info:    Checking defaults for PU/pdf/m/n on input line 148.
LaTeX Font Info:    ... okay on input line 148.

*geometry* driver: auto-detecting
*geometry* detected driver: xetex
*geometry* verbose mode - [ preamble ] result:
* driver: xetex
* paper: a4paper
* layout: <same size as paper>
* layoutoffset:(h,v)=(0.0pt,0.0pt)
* modes: twoside 
* h-part:(L,W,R)=(71.13188pt, 455.24411pt, 71.13188pt)
* v-part:(T,H,B)=(72.2698pt, 700.50723pt, 72.2698pt)
* \paperwidth=597.50787pt
* \paperheight=845.04684pt
* \textwidth=455.24411pt
* \textheight=700.50723pt
* \oddsidemargin=-1.1381pt
* \evensidemargin=-1.1381pt
* \topmargin=-29.59085pt
* \headheight=15.07993pt
* \headsep=14.51074pt
* \topskip=11.0pt
* \footskip=22.47748pt
* \marginparwidth=106.0pt
* \marginparsep=7.0pt
* \columnsep=10.0pt
* \skip\footins=10.0pt plus 4.0pt minus 2.0pt
* \hoffset=0.0pt
* \voffset=0.0pt
* \mag=1000
* \@twocolumnfalse
* \@twosidetrue
* \@mparswitchtrue
* \@reversemarginfalse
* (1in=72.27pt=25.4mm, 1cm=28.453pt)

Package hyperref Info: Link coloring OFF on input line 148.

Package fontspec Info: Adjusting the maths setup (use [no-math] to avoid
(fontspec)             this).

\symlegacymaths=\mathgroup6
LaTeX Font Info:    Overwriting symbol font `legacymaths' in version `bold'
(Font)                  OT1/cmr/m/n --> OT1/cmr/bx/n on input line 148.
LaTeX Font Info:    Redeclaring math accent \acute on input line 148.
LaTeX Font Info:    Redeclaring math accent \grave on input line 148.
LaTeX Font Info:    Redeclaring math accent \ddot on input line 148.
LaTeX Font Info:    Redeclaring math accent \tilde on input line 148.
LaTeX Font Info:    Redeclaring math accent \bar on input line 148.
LaTeX Font Info:    Redeclaring math accent \breve on input line 148.
LaTeX Font Info:    Redeclaring math accent \check on input line 148.
LaTeX Font Info:    Redeclaring math accent \hat on input line 148.
LaTeX Font Info:    Redeclaring math accent \dot on input line 148.
LaTeX Font Info:    Redeclaring math accent \mathring on input line 148.
LaTeX Font Info:    Redeclaring math symbol \Gamma on input line 148.
LaTeX Font Info:    Redeclaring math symbol \Delta on input line 148.
LaTeX Font Info:    Redeclaring math symbol \Theta on input line 148.
LaTeX Font Info:    Redeclaring math symbol \Lambda on input line 148.
LaTeX Font Info:    Redeclaring math symbol \Xi on input line 148.
LaTeX Font Info:    Redeclaring math symbol \Pi on input line 148.
LaTeX Font Info:    Redeclaring math symbol \Sigma on input line 148.
LaTeX Font Info:    Redeclaring math symbol \Upsilon on input line 148.
LaTeX Font Info:    Redeclaring math symbol \Phi on input line 148.
LaTeX Font Info:    Redeclaring math symbol \Psi on input line 148.
LaTeX Font Info:    Redeclaring math symbol \Omega on input line 148.
LaTeX Font Info:    Redeclaring math symbol \mathdollar on input line 148.
LaTeX Font Info:    Redeclaring symbol font `operators' on input line 148.
LaTeX Font Info:    Encoding `OT1' has changed to `TU' for symbol font
(Font)              `operators' in the math version `normal' on input line 148.

LaTeX Font Info:    Overwriting symbol font `operators' in version `normal'
(Font)                  OT1/cmr/m/n --> TU/TimesNewRoman(0)/m/n on input line 1
48.
LaTeX Font Info:    Encoding `OT1' has changed to `TU' for symbol font
(Font)              `operators' in the math version `bold' on input line 148.
LaTeX Font Info:    Overwriting symbol font `operators' in version `bold'
(Font)                  OT1/cmr/bx/n --> TU/TimesNewRoman(0)/m/n on input line 
148.
LaTeX Font Info:    Overwriting symbol font `operators' in version `normal'
(Font)                  TU/TimesNewRoman(0)/m/n --> TU/TimesNewRoman(0)/m/n on 
input line 148.
LaTeX Font Info:    Overwriting math alphabet `\mathit' in version `normal'
(Font)                  OT1/cmr/m/it --> TU/TimesNewRoman(0)/m/it on input line
 148.
LaTeX Font Info:    Overwriting math alphabet `\mathbf' in version `normal'
(Font)                  OT1/cmr/bx/n --> TU/TimesNewRoman(0)/b/n on input line 
148.
LaTeX Font Info:    Overwriting math alphabet `\mathsf' in version `normal'
(Font)                  OT1/cmss/m/n --> TU/SimHei(0)/m/n on input line 148.
LaTeX Font Info:    Overwriting math alphabet `\mathtt' in version `normal'
(Font)                  OT1/cmtt/m/n --> TU/Consolas(0)/m/n on input line 148.
LaTeX Font Info:    Overwriting symbol font `operators' in version `bold'
(Font)                  TU/TimesNewRoman(0)/m/n --> TU/TimesNewRoman(0)/b/n on 
input line 148.
LaTeX Font Info:    Overwriting math alphabet `\mathit' in version `bold'
(Font)                  OT1/cmr/bx/it --> TU/TimesNewRoman(0)/b/it on input lin
e 148.
LaTeX Font Info:    Overwriting math alphabet `\mathsf' in version `bold'
(Font)                  OT1/cmss/bx/n --> TU/SimHei(0)/b/n on input line 148.
LaTeX Font Info:    Overwriting math alphabet `\mathtt' in version `bold'
(Font)                  OT1/cmtt/m/n --> TU/Consolas(0)/b/n on input line 148.

Package layouts Warning: Layout scale set to 0.5 on input line 148.

(d:/software/texlive/2024/texmf-dist/tex/latex/pdflscape/pdflscape.sty
Package: pdflscape 2022-10-27 v0.13 Display of landscape pages in PDF

(d:/software/texlive/2024/texmf-dist/tex/latex/pdflscape/pdflscape-nometadata.s
ty
Package: pdflscape-nometadata 2022-10-28 v0.13 Display of landscape pages in PD
F (HO)
 (d:/software/texlive/2024/texmf-dist/tex/latex/graphics/lscape.sty
Package: lscape 2020/05/28 v3.02 Landscape Pages (DPC)
)
Package pdflscape Info: Auto-detected driver: dvipdfm (xetex) on input line 98.

))
Package caption Info: Begin \AtBeginDocument code.
Package caption Info: float package is loaded.
Package caption Info: listings package is loaded.
Package caption Info: longtable package is loaded.

(d:/software/texlive/2024/texmf-dist/tex/latex/caption/ltcaption.sty
Package: ltcaption 2021/01/08 v1.4c longtable captions (AR)
)
Package caption Info: wrapfig package is loaded.
Package caption Info: End \AtBeginDocument code.
\c@lstlisting=\count502
Package tocbasic Info: omitting babel extension for `lol'
(tocbasic)             because of missing \bbl@set@language on input line 148.

(d:/software/texlive/2024/texmf-dist/tex/latex/translations/translations-basic-
dictionary-english.trsl
File: translations-basic-dictionary-english.trsl (english translation file `tra
nslations-basic-dictionary')
)
Package translations Info: loading dictionary `translations-basic-dictionary' f
or `english'. on input line 148.
\coverpage@infowidth=\skip142
\coverpage@detailwidth=\skip143

Package fontspec Info: Font family 'SimHei(1)' created for font 'SimHei' with
(fontspec)             options
(fontspec)             [Mapping=tex-text,Script={CJK},AutoFakeBold={4},AutoFake
Slant={0.167}].
(fontspec)              
(fontspec)              This font family consists of the following NFSS
(fontspec)             series/shapes:
(fontspec)              
(fontspec)             - 'normal' (m/n) with NFSS spec.:
(fontspec)             <->"SimHei/OT:script=hani;language=dflt;mapping=tex-text
;"
(fontspec)             - 'small caps'  (m/sc) with NFSS spec.: 
(fontspec)             - 'bold' (b/n) with NFSS spec.:
(fontspec)             <->"SimHei/OT:script=hani;language=dflt;embolden=4;mappi
ng=tex-text;"
(fontspec)             - 'bold small caps'  (b/sc) with NFSS spec.: 
(fontspec)             - 'italic' (m/it) with NFSS spec.:
(fontspec)             <->"SimHei/OT:script=hani;language=dflt;slant=0.167;mapp
ing=tex-text;"
(fontspec)             - 'italic small caps'  (m/scit) with NFSS spec.: 
(fontspec)             - 'bold italic' (b/it) with NFSS spec.:
(fontspec)             <->"SimHei/OT:script=hani;language=dflt;embolden=4;slant
=0.167;mapping=tex-text;"
(fontspec)             - 'bold italic small caps'  (b/scit) with NFSS spec.: 

LaTeX Font Info:    Calculating math sizes for size <10.5> on input line 153.

Overfull \hbox (13.53278pt too wide) in paragraph at lines 153--153
[][] 
 []


Package fontspec Info: Font family 'SimSun(1)' created for font 'SimSun' with
(fontspec)             options
(fontspec)             [Mapping=tex-text,Script={CJK},AutoFakeBold={4},AutoFake
Slant={0.167}].
(fontspec)              
(fontspec)              This font family consists of the following NFSS
(fontspec)             series/shapes:
(fontspec)              
(fontspec)             - 'normal' (m/n) with NFSS spec.:
(fontspec)             <->"SimSun/OT:script=hani;language=dflt;mapping=tex-text
;"
(fontspec)             - 'small caps'  (m/sc) with NFSS spec.: 
(fontspec)             - 'bold' (b/n) with NFSS spec.:
(fontspec)             <->"SimSun/OT:script=hani;language=dflt;embolden=4;mappi
ng=tex-text;"
(fontspec)             - 'bold small caps'  (b/sc) with NFSS spec.: 
(fontspec)             - 'italic' (m/it) with NFSS spec.:
(fontspec)             <->"SimSun/OT:script=hani;language=dflt;slant=0.167;mapp
ing=tex-text;"
(fontspec)             - 'italic small caps'  (m/scit) with NFSS spec.: 
(fontspec)             - 'bold italic' (b/it) with NFSS spec.:
(fontspec)             <->"SimSun/OT:script=hani;language=dflt;embolden=4;slant
=0.167;mapping=tex-text;"
(fontspec)             - 'bold italic small caps'  (b/scit) with NFSS spec.: 


Underfull \hbox (badness 10000) in paragraph at lines 153--153

 []

LaTeX Font Info:    Calculating math sizes for size <16> on input line 153.

Underfull \vbox (badness 10000) has occurred while \output is active []

File: ./images/.pdf Graphic file (type pdf)
<use ./images/.pdf>

Overfull \hbox (29.87611pt too wide) has occurred while \output is active
 [][] 
 []

[1



]
\chstitle@hwidtha=\skip144
\chstitle@hwidthb=\skip145
 [2


]
Underfull \hbox (badness 2134) detected at line 153
\TU/SimSun(1)/m/n/16      
 []


Underfull \hbox (badness 2717) detected at line 153
\TU/SimSun(1)/m/n/26      
 []


Underfull \hbox (badness 10000) in paragraph at lines 153--153

 []


Underfull \hbox (badness 10000) in paragraph at lines 153--153

 []

[1] [2


]

Package fontspec Warning: Font "Times New Roman" does not contain requested
(fontspec)                Script "CJK".


Package fontspec Info: Font family 'TimesNewRoman(1)' created for font 'Times
(fontspec)             New Roman' with options
(fontspec)             [Mapping=tex-text,Script={CJK},AutoFakeBold={4},AutoFake
Slant={0.167}].
(fontspec)              
(fontspec)              This font family consists of the following NFSS
(fontspec)             series/shapes:
(fontspec)              
(fontspec)             - 'normal' (m/n) with NFSS spec.: <->"Times New
(fontspec)             Roman/OT:script=latn;language=dflt;mapping=tex-text;"
(fontspec)             - 'small caps'  (m/sc) with NFSS spec.: <->"Times New
(fontspec)             Roman/OT:script=latn;language=dflt;+smcp;mapping=tex-tex
t;"
(fontspec)             - 'bold' (b/n) with NFSS spec.: <->"Times New
(fontspec)             Roman/OT:script=latn;language=dflt;embolden=4;mapping=te
x-text;"
(fontspec)             - 'bold small caps'  (b/sc) with NFSS spec.: <->"Times
(fontspec)             New
(fontspec)             Roman/OT:script=latn;language=dflt;embolden=4;+smcp;mapp
ing=tex-text;"
(fontspec)             - 'italic' (m/it) with NFSS spec.: <->"Times New
(fontspec)             Roman/OT:script=latn;language=dflt;slant=0.167;mapping=t
ex-text;"
(fontspec)             - 'italic small caps'  (m/scit) with NFSS spec.:
(fontspec)             <->"Times New
(fontspec)             Roman/OT:script=latn;language=dflt;slant=0.167;+smcp;map
ping=tex-text;"
(fontspec)             - 'bold italic' (b/it) with NFSS spec.: <->"Times New
(fontspec)             Roman/OT:script=latn;language=dflt;embolden=4;slant=0.16
7;mapping=tex-text;"
(fontspec)             - 'bold italic small caps'  (b/scit) with NFSS spec.:
(fontspec)             <->"Times New
(fontspec)             Roman/OT:script=latn;language=dflt;embolden=4;slant=0.16
7;+smcp;mapping=tex-text;"

[1] [2

]
Overfull \hbox (35.99998pt too wide) in alignment at lines 167--167
[][][] 
 []


Overfull \hbox (47.99954pt too wide) in alignment at lines 167--167
[][][][] 
 []

[1

] [2

]

Package hyperref Warning: Token not allowed in a PDF string (Unicode):
(hyperref)                \hskip 12.0pt
(hyperref)                replaced by space on input line 169.


Package fancyhdr Warning: \headheight is too small (15.07993pt): 
(fancyhdr)                Make it at least 24.77068pt, for example:
(fancyhdr)                \setlength{\headheight}{24.77068pt}.
(fancyhdr)                You might also make \topmargin smaller to compensate:

(fancyhdr)                \addtolength{\topmargin}{-9.69075pt}.

[1

]

Package fancyhdr Warning: \headheight is too small (15.07993pt): 
(fancyhdr)                Make it at least 24.77068pt, for example:
(fancyhdr)                \setlength{\headheight}{24.77068pt}.
(fancyhdr)                You might also make \topmargin smaller to compensate:

(fancyhdr)                \addtolength{\topmargin}{-9.69075pt}.

[2

]

Package fancyhdr Warning: \headheight is too small (15.07993pt): 
(fancyhdr)                Make it at least 23.68784pt, for example:
(fancyhdr)                \setlength{\headheight}{23.68784pt}.
(fancyhdr)                You might also make \topmargin smaller to compensate:

(fancyhdr)                \addtolength{\topmargin}{-8.60791pt}.

[3

]

Package fancyhdr Warning: \headheight is too small (15.07993pt): 
(fancyhdr)                Make it at least 24.77068pt, for example:
(fancyhdr)                \setlength{\headheight}{24.77068pt}.
(fancyhdr)                You might also make \topmargin smaller to compensate:

(fancyhdr)                \addtolength{\topmargin}{-9.69075pt}.

[4

]

Package hyperref Warning: Token not allowed in a PDF string (Unicode):
(hyperref)                \hskip 12.0pt
(hyperref)                replaced by space on input line 185.

(./yanputhesis-sample.toc)
\tf@toc=\write5
\openout5 = `yanputhesis-sample.toc'.



Package fancyhdr Warning: \headheight is too small (15.07993pt): 
(fancyhdr)                Make it at least 24.55974pt, for example:
(fancyhdr)                \setlength{\headheight}{24.55974pt}.
(fancyhdr)                You might also make \topmargin smaller to compensate:

(fancyhdr)                \addtolength{\topmargin}{-9.47981pt}.

[5

]

Package fancyhdr Warning: \headheight is too small (15.07993pt): 
(fancyhdr)                Make it at least 24.77068pt, for example:
(fancyhdr)                \setlength{\headheight}{24.77068pt}.
(fancyhdr)                You might also make \topmargin smaller to compensate:

(fancyhdr)                \addtolength{\topmargin}{-9.69075pt}.

[6

]
 1 1.

Package xeCJK Warning: Unknown CJK family `\CJKttdefault' is being ignored.
(xeCJK)                
(xeCJK)                Try to use `\setCJKmonofont[<...>]{<...>}' to define
(xeCJK)                it.


Underfull \vbox (badness 10000) has occurred while \output is active []



Package fancyhdr Warning: \headheight is too small (15.07993pt): 
(fancyhdr)                Make it at least 24.77068pt, for example:
(fancyhdr)                \setlength{\headheight}{24.77068pt}.
(fancyhdr)                You might also make \topmargin smaller to compensate:

(fancyhdr)                \addtolength{\topmargin}{-9.69075pt}.

[1


] (d:/software/texlive/2024/texmf-dist/tex/latex/listings/lstlang1.sty
File: lstlang1.sty 2024/02/21 1.10 listings language file
)
(d:/software/texlive/2024/texmf-dist/tex/latex/listings/lstlang2.sty
File: lstlang2.sty 2024/02/21 1.10 listings language file
)
(d:/software/texlive/2024/texmf-dist/tex/latex/listings/lstlang3.sty
File: lstlang3.sty 2024/02/21 1.10 listings language file
)
(d:/software/texlive/2024/texmf-dist/tex/latex/listings/lstlang1.sty
File: lstlang1.sty 2024/02/21 1.10 listings language file
)
(d:/software/texlive/2024/texmf-dist/tex/latex/listings/lstlang2.sty
File: lstlang2.sty 2024/02/21 1.10 listings language file
)
(d:/software/texlive/2024/texmf-dist/tex/latex/listings/lstlang3.sty
File: lstlang3.sty 2024/02/21 1.10 listings language file
)
(d:/software/texlive/2024/texmf-dist/tex/latex/listings/lstlang1.sty
File: lstlang1.sty 2024/02/21 1.10 listings language file
)
(d:/software/texlive/2024/texmf-dist/tex/latex/listings/lstlang2.sty
File: lstlang2.sty 2024/02/21 1.10 listings language file
)
(d:/software/texlive/2024/texmf-dist/tex/latex/listings/lstlang3.sty
File: lstlang3.sty 2024/02/21 1.10 listings language file
)
(d:/software/texlive/2024/texmf-dist/tex/latex/listings/lstmisc.sty
File: lstmisc.sty 2024/02/21 1.10 (Carsten Heinz)
)

Package fancyhdr Warning: \headheight is too small (15.07993pt): 
(fancyhdr)                Make it at least 24.77068pt, for example:
(fancyhdr)                \setlength{\headheight}{24.77068pt}.
(fancyhdr)                You might also make \topmargin smaller to compensate:

(fancyhdr)                \addtolength{\topmargin}{-9.69075pt}.

[2]

Package fancyhdr Warning: \headheight is too small (15.07993pt): 
(fancyhdr)                Make it at least 24.77068pt, for example:
(fancyhdr)                \setlength{\headheight}{24.77068pt}.
(fancyhdr)                You might also make \topmargin smaller to compensate:

(fancyhdr)                \addtolength{\topmargin}{-9.69075pt}.

[3]

Package fancyhdr Warning: \headheight is too small (15.07993pt): 
(fancyhdr)                Make it at least 24.77068pt, for example:
(fancyhdr)                \setlength{\headheight}{24.77068pt}.
(fancyhdr)                You might also make \topmargin smaller to compensate:

(fancyhdr)                \addtolength{\topmargin}{-9.69075pt}.

[4

]
 2 2.
File: poster.png Graphic file (type bmp)
<poster.png>
File: poster.png Graphic file (type bmp)
<poster.png>
File: poster.png Graphic file (type bmp)
<poster.png>
(d:/software/texlive/2024/texmf-dist/tex/latex/listings/lstlang1.sty
File: lstlang1.sty 2024/02/21 1.10 listings language file
)
(d:/software/texlive/2024/texmf-dist/tex/latex/listings/lstmisc.sty
File: lstmisc.sty 2024/02/21 1.10 (Carsten Heinz)
)

Package fancyhdr Warning: \headheight is too small (15.07993pt): 
(fancyhdr)                Make it at least 24.77068pt, for example:
(fancyhdr)                \setlength{\headheight}{24.77068pt}.
(fancyhdr)                You might also make \topmargin smaller to compensate:

(fancyhdr)                \addtolength{\topmargin}{-9.69075pt}.

[5

]

Package fancyhdr Warning: \headheight is too small (15.07993pt): 
(fancyhdr)                Make it at least 24.77068pt, for example:
(fancyhdr)                \setlength{\headheight}{24.77068pt}.
(fancyhdr)                You might also make \topmargin smaller to compensate:

(fancyhdr)                \addtolength{\topmargin}{-9.69075pt}.

[6] (./yanputhesis-sample.bbl)

Package fancyhdr Warning: \headheight is too small (15.07993pt): 
(fancyhdr)                Make it at least 24.73552pt, for example:
(fancyhdr)                \setlength{\headheight}{24.73552pt}.
(fancyhdr)                You might also make \topmargin smaller to compensate:

(fancyhdr)                \addtolength{\topmargin}{-9.6556pt}.

[7


]

Package fancyhdr Warning: \headheight is too small (15.07993pt): 
(fancyhdr)                Make it at least 24.77068pt, for example:
(fancyhdr)                \setlength{\headheight}{24.77068pt}.
(fancyhdr)                You might also make \topmargin smaller to compensate:

(fancyhdr)                \addtolength{\topmargin}{-9.69075pt}.

[8

]
 A.

Package fancyhdr Warning: \headheight is too small (15.07993pt): 
(fancyhdr)                Make it at least 24.80583pt, for example:
(fancyhdr)                \setlength{\headheight}{24.80583pt}.
(fancyhdr)                You might also make \topmargin smaller to compensate:

(fancyhdr)                \addtolength{\topmargin}{-9.7259pt}.

[9

]

Package fancyhdr Warning: \headheight is too small (15.07993pt): 
(fancyhdr)                Make it at least 24.77068pt, for example:
(fancyhdr)                \setlength{\headheight}{24.77068pt}.
(fancyhdr)                You might also make \topmargin smaller to compensate:

(fancyhdr)                \addtolength{\topmargin}{-9.69075pt}.

[10

]
 B.

Package fancyhdr Warning: \headheight is too small (15.07993pt): 
(fancyhdr)                Make it at least 24.77068pt, for example:
(fancyhdr)                \setlength{\headheight}{24.77068pt}.
(fancyhdr)                You might also make \topmargin smaller to compensate:

(fancyhdr)                \addtolength{\topmargin}{-9.69075pt}.

[11

]

Package fancyhdr Warning: \headheight is too small (15.07993pt): 
(fancyhdr)                Make it at least 24.77068pt, for example:
(fancyhdr)                \setlength{\headheight}{24.77068pt}.
(fancyhdr)                You might also make \topmargin smaller to compensate:

(fancyhdr)                \addtolength{\topmargin}{-9.69075pt}.

[12

]

Package hyperref Warning: Token not allowed in a PDF string (Unicode):
(hyperref)                \hskip 12.0pt
(hyperref)                replaced by space on input line 494.


Package fancyhdr Warning: \headheight is too small (15.07993pt): 
(fancyhdr)                Make it at least 24.73552pt, for example:
(fancyhdr)                \setlength{\headheight}{24.73552pt}.
(fancyhdr)                You might also make \topmargin smaller to compensate:

(fancyhdr)                \addtolength{\topmargin}{-9.6556pt}.

[13


]

Package fancyhdr Warning: \headheight is too small (15.07993pt): 
(fancyhdr)                Make it at least 24.77068pt, for example:
(fancyhdr)                \setlength{\headheight}{24.77068pt}.
(fancyhdr)                You might also make \topmargin smaller to compensate:

(fancyhdr)                \addtolength{\topmargin}{-9.69075pt}.

[14

]
\oldparindent=\skip146


Package fancyhdr Warning: \headheight is too small (15.07993pt): 
(fancyhdr)                Make it at least 24.77068pt, for example:
(fancyhdr)                \setlength{\headheight}{24.77068pt}.
(fancyhdr)                You might also make \topmargin smaller to compensate:

(fancyhdr)                \addtolength{\topmargin}{-9.69075pt}.

[15

]

Package fancyhdr Warning: \headheight is too small (15.07993pt): 
(fancyhdr)                Make it at least 24.77068pt, for example:
(fancyhdr)                \setlength{\headheight}{24.77068pt}.
(fancyhdr)                You might also make \topmargin smaller to compensate:

(fancyhdr)                \addtolength{\topmargin}{-9.69075pt}.

[16

]
LaTeX Font Info:    Calculating math sizes for size <10.6> on input line 502.

Underfull \hbox (badness 10000) in paragraph at lines 502--502
[] []
 []


Underfull \hbox (badness 10000) in paragraph at lines 502--502
[]
 []


Overfull \hbox (10.5092pt too wide) in paragraph at lines 502--502
[]
 []


Underfull \hbox (badness 10000) in paragraph at lines 502--502
[]
 []

[1

]
\tf@thm=\write6
\openout6 = `yanputhesis-sample.thm'.

 (./yanputhesis-sample.aux)
 ***********
LaTeX2e <2023-11-01> patch level 1
L3 programming layer <2022/08/05>
 ***********
 ) 
Here is how much of TeX's memory you used:
 39898 strings out of 474773
 862616 string characters out of 5757283
 2173842 words of memory out of 5000000
 61312 multiletter control sequences out of 15000+600000
 576843 words of font info for 197 fonts, out of 8000000 for 9000
 1348 hyphenation exceptions out of 8191
 125i,14n,131p,1358b,3196s stack positions out of 10000i,1000n,20000p,200000b,200000s

Output written on yanputhesis-sample.pdf (31 pages).
